<?xml version="1.0" encoding="UTF-8"?>
<!-- Generated by org.testng.reporters.JUnitReportReporter -->
<testsuite hostname="LAPTOP-JK96UBG3" failures="0" tests="1" name="test1.Class1" time="0.009" errors="0" timestamp="2022-08-10T19:53:39 IST" skipped="0">
  <testcase classname="test1.Class1" name="t1" time="0.009"/>
  <system-out/>
</testsuite> <!-- test1.Class1 -->
